Determining if the Q_WS_WIN exist failed with the following output:
Change Dir: /net/cremi/jbenet910e/Bureau/M2/C/MAKEFILETP/TP1/build/CMakeFiles/CMakeTmp

Run Build Command:"/usr/bin/make" "cmTC_e42e3/fast"
/usr/bin/make -f CMakeFiles/cmTC_e42e3.dir/build.make CMakeFiles/cmTC_e42e3.dir/build
make[1] : on entre dans le répertoire « /autofs/netapp/travail/jbenet910e/M2/C/MAKEFILETP/TP1/build/CMakeFiles/CMakeTmp »
Building CXX object CMakeFiles/cmTC_e42e3.dir/CheckSymbolExists.cxx.o
/usr/bin/c++    -I/usr/include/qt4   -o CMakeFiles/cmTC_e42e3.dir/CheckSymbolExists.cxx.o -c /net/cremi/jbenet910e/Bureau/M2/C/MAKEFILETP/TP1/build/CMakeFiles/CMakeTmp/CheckSymbolExists.cxx
/net/cremi/jbenet910e/Bureau/M2/C/MAKEFILETP/TP1/build/CMakeFiles/CMakeTmp/CheckSymbolExists.cxx: In function ‘int main(int, char**)’:
/net/cremi/jbenet910e/Bureau/M2/C/MAKEFILETP/TP1/build/CMakeFiles/CMakeTmp/CheckSymbolExists.cxx:8:19: error: ‘Q_WS_WIN’ was not declared in this scope
   return ((int*)(&Q_WS_WIN))[argc];
                   ^~~~~~~~
CMakeFiles/cmTC_e42e3.dir/build.make:65 : la recette pour la cible « CMakeFiles/cmTC_e42e3.dir/CheckSymbolExists.cxx.o » a échouée
make[1]: *** [CMakeFiles/cmTC_e42e3.dir/CheckSymbolExists.cxx.o] Erreur 1
make[1] : on quitte le répertoire « /autofs/netapp/travail/jbenet910e/M2/C/MAKEFILETP/TP1/build/CMakeFiles/CMakeTmp »
Makefile:126 : la recette pour la cible « cmTC_e42e3/fast » a échouée
make: *** [cmTC_e42e3/fast] Erreur 2

File /net/cremi/jbenet910e/Bureau/M2/C/MAKEFILETP/TP1/build/CMakeFiles/CMakeTmp/CheckSymbolExists.cxx:
/* */
#include <QtCore/qglobal.h>

int main(int argc, char** argv)
{
  (void)argv;
#ifndef Q_WS_WIN
  return ((int*)(&Q_WS_WIN))[argc];
#else
  (void)argc;
  return 0;
#endif
}

Determining if the Q_WS_QWS exist failed with the following output:
Change Dir: /net/cremi/jbenet910e/Bureau/M2/C/MAKEFILETP/TP1/build/CMakeFiles/CMakeTmp

Run Build Command:"/usr/bin/make" "cmTC_0ec5f/fast"
/usr/bin/make -f CMakeFiles/cmTC_0ec5f.dir/build.make CMakeFiles/cmTC_0ec5f.dir/build
make[1] : on entre dans le répertoire « /autofs/netapp/travail/jbenet910e/M2/C/MAKEFILETP/TP1/build/CMakeFiles/CMakeTmp »
Building CXX object CMakeFiles/cmTC_0ec5f.dir/CheckSymbolExists.cxx.o
/usr/bin/c++    -I/usr/include/qt4   -o CMakeFiles/cmTC_0ec5f.dir/CheckSymbolExists.cxx.o -c /net/cremi/jbenet910e/Bureau/M2/C/MAKEFILETP/TP1/build/CMakeFiles/CMakeTmp/CheckSymbolExists.cxx
/net/cremi/jbenet910e/Bureau/M2/C/MAKEFILETP/TP1/build/CMakeFiles/CMakeTmp/CheckSymbolExists.cxx: In function ‘int main(int, char**)’:
/net/cremi/jbenet910e/Bureau/M2/C/MAKEFILETP/TP1/build/CMakeFiles/CMakeTmp/CheckSymbolExists.cxx:8:19: error: ‘Q_WS_QWS’ was not declared in this scope
   return ((int*)(&Q_WS_QWS))[argc];
                   ^~~~~~~~
CMakeFiles/cmTC_0ec5f.dir/build.make:65 : la recette pour la cible « CMakeFiles/cmTC_0ec5f.dir/CheckSymbolExists.cxx.o » a échouée
make[1]: *** [CMakeFiles/cmTC_0ec5f.dir/CheckSymbolExists.cxx.o] Erreur 1
make[1] : on quitte le répertoire « /autofs/netapp/travail/jbenet910e/M2/C/MAKEFILETP/TP1/build/CMakeFiles/CMakeTmp »
Makefile:126 : la recette pour la cible « cmTC_0ec5f/fast » a échouée
make: *** [cmTC_0ec5f/fast] Erreur 2

File /net/cremi/jbenet910e/Bureau/M2/C/MAKEFILETP/TP1/build/CMakeFiles/CMakeTmp/CheckSymbolExists.cxx:
/* */
#include <QtCore/qglobal.h>

int main(int argc, char** argv)
{
  (void)argv;
#ifndef Q_WS_QWS
  return ((int*)(&Q_WS_QWS))[argc];
#else
  (void)argc;
  return 0;
#endif
}

Determining if the Q_WS_MAC exist failed with the following output:
Change Dir: /net/cremi/jbenet910e/Bureau/M2/C/MAKEFILETP/TP1/build/CMakeFiles/CMakeTmp

Run Build Command:"/usr/bin/make" "cmTC_70d5b/fast"
/usr/bin/make -f CMakeFiles/cmTC_70d5b.dir/build.make CMakeFiles/cmTC_70d5b.dir/build
make[1] : on entre dans le répertoire « /autofs/netapp/travail/jbenet910e/M2/C/MAKEFILETP/TP1/build/CMakeFiles/CMakeTmp »
Building CXX object CMakeFiles/cmTC_70d5b.dir/CheckSymbolExists.cxx.o
/usr/bin/c++    -I/usr/include/qt4   -o CMakeFiles/cmTC_70d5b.dir/CheckSymbolExists.cxx.o -c /net/cremi/jbenet910e/Bureau/M2/C/MAKEFILETP/TP1/build/CMakeFiles/CMakeTmp/CheckSymbolExists.cxx
/net/cremi/jbenet910e/Bureau/M2/C/MAKEFILETP/TP1/build/CMakeFiles/CMakeTmp/CheckSymbolExists.cxx: In function ‘int main(int, char**)’:
/net/cremi/jbenet910e/Bureau/M2/C/MAKEFILETP/TP1/build/CMakeFiles/CMakeTmp/CheckSymbolExists.cxx:8:19: error: ‘Q_WS_MAC’ was not declared in this scope
   return ((int*)(&Q_WS_MAC))[argc];
                   ^~~~~~~~
CMakeFiles/cmTC_70d5b.dir/build.make:65 : la recette pour la cible « CMakeFiles/cmTC_70d5b.dir/CheckSymbolExists.cxx.o » a échouée
make[1]: *** [CMakeFiles/cmTC_70d5b.dir/CheckSymbolExists.cxx.o] Erreur 1
make[1] : on quitte le répertoire « /autofs/netapp/travail/jbenet910e/M2/C/MAKEFILETP/TP1/build/CMakeFiles/CMakeTmp »
Makefile:126 : la recette pour la cible « cmTC_70d5b/fast » a échouée
make: *** [cmTC_70d5b/fast] Erreur 2

File /net/cremi/jbenet910e/Bureau/M2/C/MAKEFILETP/TP1/build/CMakeFiles/CMakeTmp/CheckSymbolExists.cxx:
/* */
#include <QtCore/qglobal.h>

int main(int argc, char** argv)
{
  (void)argv;
#ifndef Q_WS_MAC
  return ((int*)(&Q_WS_MAC))[argc];
#else
  (void)argc;
  return 0;
#endif
}

